<?xml version="1.0" encoding="UTF-8"?>
<testng-results skipped="0" failed="0" ignored="0" total="1" passed="1">
  <reporter-output>
  </reporter-output>
  <suite name="Default suite" duration-ms="63" started-at="2019-05-04T13:07:46Z" finished-at="2019-05-04T13:07:46Z">
    <groups>
    </groups>
    <test name="Default test" duration-ms="63" started-at="2019-05-04T13:07:46Z" finished-at="2019-05-04T13:07:46Z">
      <class name="testNg_Check.NewTest">
        <test-method status="PASS" signature="beforeSuite()[pri:0, instance:testNg_Check.NewTest@55f3ddb1]" name="beforeSuite" is-config="true" duration-ms="23" started-at="2019-05-04T13:07:46Z" finished-at="2019-05-04T13:07:46Z">
          <reporter-output>
          </reporter-output>
        </test-method> <!-- beforeSuite -->
        <test-method status="PASS" signature="beforeTest()[pri:0, instance:testNg_Check.NewTest@55f3ddb1]" name="beforeTest" is-config="true" duration-ms="1" started-at="2019-05-04T13:07:46Z" finished-at="2019-05-04T13:07:46Z">
          <reporter-output>
          </reporter-output>
        </test-method> <!-- beforeTest -->
        <test-method status="PASS" signature="beforeClass()[pri:0, instance:testNg_Check.NewTest@55f3ddb1]" name="beforeClass" is-config="true" duration-ms="1" started-at="2019-05-04T13:07:46Z" finished-at="2019-05-04T13:07:46Z">
          <reporter-output>
          </reporter-output>
        </test-method> <!-- beforeClass -->
        <test-method status="PASS" signature="beforeMethod()[pri:0, instance:testNg_Check.NewTest@55f3ddb1]" name="beforeMethod" is-config="true" duration-ms="1" started-at="2019-05-04T13:07:46Z" finished-at="2019-05-04T13:07:46Z">
          <reporter-output>
          </reporter-output>
        </test-method> <!-- beforeMethod -->
        <test-method status="PASS" signature="f()[pri:0, instance:testNg_Check.NewTest@55f3ddb1]" name="f" duration-ms="13" started-at="2019-05-04T13:07:46Z" finished-at="2019-05-04T13:07:46Z">
          <reporter-output>
          </reporter-output>
        </test-method> <!-- f -->
        <test-method status="PASS" signature="afterClass()[pri:0, instance:testNg_Check.NewTest@55f3ddb1]" name="afterClass" is-config="true" duration-ms="0" started-at="2019-05-04T13:07:46Z" finished-at="2019-05-04T13:07:46Z">
          <reporter-output>
          </reporter-output>
        </test-method> <!-- afterClass -->
        <test-method status="PASS" signature="afterTest()[pri:0, instance:testNg_Check.NewTest@55f3ddb1]" name="afterTest" is-config="true" duration-ms="0" started-at="2019-05-04T13:07:46Z" finished-at="2019-05-04T13:07:46Z">
          <reporter-output>
          </reporter-output>
        </test-method> <!-- afterTest -->
        <test-method status="PASS" signature="afterSuite()[pri:0, instance:testNg_Check.NewTest@55f3ddb1]" name="afterSuite" is-config="true" duration-ms="0" started-at="2019-05-04T13:07:46Z" finished-at="2019-05-04T13:07:46Z">
          <reporter-output>
          </reporter-output>
        </test-method> <!-- afterSuite -->
      </class> <!-- testNg_Check.NewTest -->
    </test> <!-- Default test -->
  </suite> <!-- Default suite -->
</testng-results>
